<?xml version="1.0" encoding="UTF-8"?>
<!-- Generated by org.testng.reporters.JUnitReportReporter -->
<testsuite hostname="Dell" name="listeners.Tc_Test" tests="1" failures="0" timestamp="11 Nov 2022 14:31:29 GMT" time="35.724" errors="0">
  <testcase name="Tc" time="35.724" classname="listeners.Tc_Test"/>
</testsuite> <!-- listeners.Tc_Test -->
