<?xml version="1.0" encoding="UTF-8"?>
<!-- Generated by org.testng.reporters.JUnitReportReporter -->
<testsuite hostname="Dell" name="mavenExecution.ExtentReporter" tests="1" failures="0" timestamp="11 Nov 2022 14:45:52 GMT" time="6.317" errors="0">
  <testcase name="Extent" time="6.317" classname="mavenExecution.ExtentReporter"/>
</testsuite> <!-- mavenExecution.ExtentReporter -->
