<?xml version="1.0" encoding="UTF-8"?>
<!-- Generated by org.testng.reporters.JUnitReportReporter -->
<testsuite hostname="Dell" name="basics.RecievingParameter" tests="1" failures="0" timestamp="8 Nov 2022 03:25:12 GMT" time="0.062" errors="0">
  <testcase name="data1" time="0.062" classname="basics.RecievingParameter"/>
</testsuite> <!-- basics.RecievingParameter -->
