<?xml version="1.0" encoding="UTF-8"?>
<!-- Generated by org.testng.reporters.JUnitReportReporter -->
<testsuite hostname="Dell" name="homeModule.TC_ID" tests="1" failures="0" timestamp="15 Nov 2022 05:33:26 GMT" time="2.239" errors="0">
  <testcase name="TestCaseDescription" time="2.239" classname="homeModule.TC_ID"/>
</testsuite> <!-- homeModule.TC_ID -->
