<?xml version="1.0" encoding="UTF-8"?>
<!-- Generated by org.testng.reporters.JUnitReportReporter -->
<testsuite hostname="Dell" name="crossBrowserExecution.TestCase01_Test" tests="1" failures="0" timestamp="8 Nov 2022 13:03:54 GMT" time="3.926" errors="0">
  <testcase name="testcase" time="3.926" classname="crossBrowserExecution.TestCase01_Test"/>
</testsuite> <!-- crossBrowserExecution.TestCase01_Test -->
