<?xml version="1.0" encoding="UTF-8"?>
<!-- Generated by org.testng.reporters.JUnitReportReporter -->
<testsuite hostname="Dell" name="mavenExecution.Tc04_Test" tests="1" failures="0" timestamp="10 Nov 2022 10:55:10 GMT" time="42.601" errors="0">
  <testcase name="Tc" time="42.601" classname="mavenExecution.Tc04_Test"/>
</testsuite> <!-- mavenExecution.Tc04_Test -->
