<?xml version="1.0" encoding="UTF-8"?>
<!-- Generated by org.testng.reporters.JUnitReportReporter -->
<testsuite hostname="Dell" name="mavenExecution.Tc03_Test" tests="1" failures="0" timestamp="10 Nov 2022 10:55:10 GMT" time="62.579" errors="0">
  <testcase name="Tc" time="62.579" classname="mavenExecution.Tc03_Test"/>
</testsuite> <!-- mavenExecution.Tc03_Test -->
